<?xml version="1.0" encoding="UTF-8"?>
<!-- Generated by org.testng.reporters.JUnitReportReporter -->
<testsuite hostname="hp" failures="0" tests="1" name="com.American_Airlines_Testng.fligHtBookingMainTestng" time="95.663" errors="0" timestamp="2025-04-23T23:01:27 IST" skipped="0">
  <testcase classname="com.American_Airlines_Testng.fligHtBookingMainTestng" name="f" time="95.663">
    <system-out>
      <![CDATA[TC passed]]>
    </system-out>
  </testcase> <!-- f -->
  <system-out>
    <![CDATA[Source city selected
Destination city selected
Adults selected
Date selected
Children selected
Flight searched
Flights sorted
Flights selected
Continued to passenger details page.
Title and gender has selected.
Page scrolled
Name entered.
Date of birth selected.
Page scrolled by element.
Email has entered.
Phone number entered.
Navigated to payment page.
TC passed]]>
  </system-out>
</testsuite> <!-- com.American_Airlines_Testng.fligHtBookingMainTestng -->
