<?xml version="1.0" encoding="UTF-8"?>
<!-- Generated by org.testng.reporters.JUnitReportReporter -->
<testsuite hostname="hp" failures="0" tests="1" name="com.American_Airlines_Testng.fligHtBookingMainTestng" time="103.433" errors="0" timestamp="2025-04-25T19:12:57 IST" skipped="0">
  <testcase classname="com.American_Airlines_Testng.fligHtBookingMainTestng" name="f" time="103.433">
    <system-out>
      <![CDATA[TC passed]]>
    </system-out>
  </testcase> <!-- f -->
  <system-out>
    <![CDATA[Page scrolled.
Source city selected
Destination city selected
Adults selected
Date selected
Children selected
Flight searched
Navigated to flight selection page.
Page scrolled.
Flights sorted
Page scrolled to element : INR
32,926
Flights selected
Page scrolled to element : Continue
Continued to passenger details page.
Title and gender has selected.
Page scrolled to element : 
Passenger name has entered.
Date of birth have selected.
Page scrolled to element : 
Email has entered.
Phone number has entered.
Page scrolled to element : Continue
Navigated to payment page.
TC passed]]>
  </system-out>
</testsuite> <!-- com.American_Airlines_Testng.fligHtBookingMainTestng -->
